87
WearOSLitev5
NellyY BakhodirD TatiyanaC JenK PhilippI 
StreetViewXv1
TatiyanaC JenK FionaF 
MarsLitev5
BakhodirD TatiyanaC 
GmailLitev9
PhilippP PetarF ThomasK StefanQ BakhodirG MatasW LarryX HiroshiF HiroshiB SergeyN 
MarsUltrav8
PhilippI StefanQ SusanQ PhilippP SergeyU BenjaminT RuthX PetarF MatasW 
StreamXv6
SergeyN MatasC BenjaminO ClementM ClementT 
DuoZv2
PhilippY SundarP FionaF 
ChromeNextv7
JenG BakhodirD PhilippY 
SlidesNextv2
JenZ PhilippH 
GlassOSSv3
MatasW JenZ 
FeedBurnerMaxv3
TatiyanaC LarryO 
CollectionsNextv1
TatiyanaC SergeyN MatasW HiroshiW 
GameProv6
LarryO SusanQ StefanQ 
ExploreUltrav8
BakhodirD ClementM JenG HiroshiF ClementT SusanQ ClementE 
DaydreamLitev7
BakhodirW 
CastOSProv6
LarryX 
MapsSv7
SundarA LarryO FionaF PhilippK ClementM ThomasK MatasW LarryX ClementE BakhodirD 
WebserverProv6
PhilippP 
MapsProv8
HiroshiW SergeyT LarryX 
ResearchXv8
SundarP ClementM BenjaminO JenK ClementE 
SmartSv2
FionaF BakhodirW LarryO BenjaminT FionaN 
SitesSv1
SergeyU ClementL 
GameLitev8
PhilippP PhilippK MatasW SergeyN 
ClassroomMaxv2
TatiyanaC SusanQ 
StreetViewNextv3
SusanQ PhilippH JenZ 
StreetViewProv9
SundarA JenK LarryO MatasW MatasC PhilippK NellyY ClementE 
CollectionsZv7
HiroshiW SundarL BakhodirD PhilippI SundarA SergeyN ClementT 
CastOSXv6
LarryO SundarP PhilippK PetarF StefanQ ClementL SundarA 
ReleaseUltrav1
FionaJ BakhodirD 
GlassOSLitev9
ClementT PetarF SundarA PrabhakarR LarryO PhilippH 
AndroidTVMaxv5
HiroshiF SundarP PhilippK 
AndroidTVNextv1
MatasC NellyX SundarL LarryO PhilippP ThomasM SergeyU SergeyV 
AndroidAutoZv2
PhilippH JenK LarryX PhilippI StefanQ 
AssistantUltrav2
MatasC SergeyU SergeyT MichalP BenjaminO PhilippP 
DreamSv2
SusanQ PhilippP HiroshiW ClementE PhilippI MatasW 
GameProv3
PhilippY 
FuchsiaXv6
SundarL SundarA 
SmartLitev9
JenZ ThomasK PhilippP 
CultureProv7
MatasW StefanQ PhilippY TatiyanaC FionaJ ThomasM BenjaminO ClementE 
DuoZv4
ThomasK SundarP LarryX ClementT PrabhakarR RuthX ThomasM 
BuildMaxv1
RuthX MichalB NellyY PetarF SergeyV 
ChromeOSLitev3
PhilippP HiroshiW PhilippY 
DocsNextv2
SundarP JenK ClementL 
ConnectLitev9
SundarA 
FeedBurnerMaxv1
RuthX ThomasK ClementL LarryO 
MarsXv1
HiroshiF FionaJ MichalB MatasH 
CastOSLitev5
BakhodirD BakhodirA ClementM BakhodirG 
ChromeOSUltrav5
HiroshiB PhilippH HiroshiW SergeyU PhilippK ClementL 
ShortsNextv7
FionaF PhilippY PrabhakarR 
SearchNextv1
SergeyV ThomasM RuthX SundarP ThomasK 
StreamXv9
ClementE 
LoggingLitev6
ClementM ClementL BakhodirA LarryO HiroshiW BenjaminO ClementE HiroshiB SundarP SusanQ 
ShoppingProv8
FionaN PhilippI 
DriveZv9
NellyY HiroshiW SergeyU 
DuoMaxv1
FionaJ NellyY PhilippI PhilippP ClementL 
StadiaZv1
TatiyanaC BakhodirA BenjaminT PhilippP 
SitesUltrav5
StefanQ PhilippI MatasW TatiyanaC PhilippY SergeyT BakhodirD SundarP 
FeedBurnerNextv3
ClementT TatiyanaC RuthX MatasC HiroshiW LarryX MichalB 
FuchsiaLitev6
PhilippY BenjaminT ThomasK FionaJ BenjaminO PhilippI SergeyV 
ChatXv5
BakhodirA RuthX PrabhakarR ClementE LarryO SundarP BenjaminT SergeyT StefanQ BenjaminO 
BloggerNextv8
PhilippP ClementE MatasW SundarL 
CalendarNextv8
HiroshiB MichalB 
ChatProv6
HiroshiW SundarA SergeyN BakhodirG JenZ PetarF HiroshiF ClementL SundarP 
MapsUltrav3
TatiyanaC HiroshiW PhilippP 
AlertsLitev7
SergeyN PrabhakarR SergeyT BenjaminT 
KeepXv5
PhilippP HiroshiF MichalP 
SkyLitev6
TatiyanaC ThomasM LarryX 
ChromecastXv8
BenjaminT HiroshiF 
DataZv2
SusanQ ThomasM BakhodirA FionaF SergeyT PhilippH BenjaminO StefanQ 
SantaTrackerXv4
HiroshiW ThomasM ClementE PetarF ClementL FionaJ SergeyU PhilippH SusanQ MichalP 
GmailSv4
BakhodirG NellyY 
VoiceProv8
MatasW ClementE JenK ClementM TatiyanaC 
PhoneUltrav1
SundarH LarryO ThomasM BakhodirW StefanQ 
PhotoProv3
SergeyT PrabhakarR BakhodirD SusanQ MichalP SergeyV HiroshiW 
VideoUltrav1
JenZ PhilippP ClementT BakhodirA BenjaminO SundarA MichalB BakhodirG 
ChatSv4
TatiyanaC PetarF PhilippP JenZ 
MoonMaxv4
MichalP SundarA FionaF SergeyU SergeyN ThomasM SergeyT ThomasK HiroshiB BakhodirD 
SlidesUltrav7
LarryX FionaF JenK MichalP JenG RuthX MatasC 
PhoneLitev3
MatasC PhilippH 
BuildLitev6
PetarF TatiyanaC JenK PhilippI MichalB NellyY HiroshiW FionaN PhilippK PhilippH 
CastOSNextv8
ClementE BakhodirD ClementM HiroshiB ThomasM BenjaminO NellyY TatiyanaC 
WebserverProv4
LarryO NellyX PhilippP PhilippI PhilippH ClementE SergeyT MatasW PhilippY 
DatasetSearchNextv1
SergeyU HiroshiW FionaF PrabhakarR PetarF HiroshiF ClementE 
StadiaZv2
BakhodirG JenZ MichalP FionaF ThomasK MatasH 
StreetViewUltrav4
SundarA SergeyT JenZ 
SkySv8
JenK HiroshiF MatasC SundarL PhilippP PrabhakarR JenZ 
WearOSProv2
FionaN NellyY SergeyV PhilippY ClementT ThomasM MatasW PhilippH StefanQ 
