50 100 36 100
16854
21683
49218
60035
67985
75291
80025
86379
96339
105789
109945
118326
130566
138812
151025
154701
171583
175419
189725
200583
205638
209446
221782
229781
236493
241065
252793
264594
279562
282672
288165
291122
307325
313212
334677
362927
375400
405343
412258
423027
436769
448651
469079
484995
492927
506620
524823
529754
534209
548649
554322
583351
604859
610025
617090
628091
636601
641721
659092
681183
712619
735502
748466
766723
771096
783423
792551
801319
812950
849757
855759
859726
859726
