50 100 36
14968
31850
46156
59898
86937
99434
108202
135737
149430
154596
161661
177864
193780
205662
212968
222418
234754
243882
251814
262815
283243
305334
336853
359736
366448
378176
389977
418227
436399
466342
478582
491546
503179
506855
528985
557974
566092
577870
614677
620261
628507
636268
654525
662524
668411
673109
691353
693800
715121
736586
747444
757314
759131
771604
772808
777318
785699
799863
808165
825658
854396
860069
885005
901520
905487
909643
926812
937248
941684
948204
953181
955888
958204
963012
968505
970707
973575
975021
979314
983150
989504
990477
994932
999987
1010804
1016806
1028661
1032469
12
