72
WearOSLitev5
NellyY BakhodirD TatiyanaC JenK PhilippI 
MarsLitev5
BakhodirD TatiyanaC 
GmailLitev9
PhilippP BakhodirG ThomasK StefanQ PetarF MatasW LarryX HiroshiF HiroshiB SergeyN 
DuoZv2
PhilippY SundarP FionaF 
SlidesNextv2
JenZ PhilippH 
GameProv6
LarryO SusanQ SergeyT 
SitesSv1
SergeyU ClementL 
GlassOSSv3
MatasW JenZ 
StreetViewXv1
TatiyanaC JenK FionaF 
MapsProv8
HiroshiW SergeyT LarryX 
FuchsiaXv6
SundarL SundarA 
ChromeNextv7
JenG BakhodirD PhilippY 
StreamXv6
SergeyN MatasC BenjaminO ClementM ClementT 
CollectionsNextv1
TatiyanaC SergeyN MatasW JenK 
ResearchXv8
SundarP ClementM BenjaminO MatasC ClementE 
MarsXv1
PrabhakarR FionaJ MichalB MatasH 
ExploreUltrav8
LarryX ClementM SundarL HiroshiF ClementT SusanQ ClementE 
ClassroomMaxv2
TatiyanaC SusanQ 
BloggerNextv8
PhilippP ClementE MatasW SundarL 
GlassOSLitev9
FionaJ BakhodirG SundarA PrabhakarR PhilippK PhilippH 
AndroidTVMaxv5
PrabhakarR SundarP MatasC 
ReleaseUltrav1
FionaJ BakhodirD 
GameLitev8
PhilippP PhilippK MatasW SergeyN 
StreetViewNextv3
SusanQ PhilippH JenZ 
BuildMaxv1
RuthX MichalB NellyY PetarF SergeyV 
FeedBurnerMaxv3
TatiyanaC LarryO 
StadiaZv1
TatiyanaC BenjaminT ClementM PhilippP 
VoiceProv8
MatasW ClementE MatasC ClementM TatiyanaC 
DuoZv4
ThomasK SundarP LarryX ClementT PrabhakarR RuthX ThomasM 
ShoppingProv8
FionaN PhilippI 
SmartLitev9
JenZ ThomasK PhilippP 
ShortsNextv7
FionaF PhilippY HiroshiF 
CastOSXv6
LarryO SundarP ThomasM BakhodirG SergeyT ClementL SundarA 
ChatSv4
TatiyanaC BakhodirG PhilippP JenZ 
MapsSv7
SundarA PhilippK FionaF ThomasM ClementM ThomasK MatasW LarryX ClementE BakhodirD 
MarsUltrav8
PhilippI SergeyT SusanQ PhilippP SergeyU ClementM RuthX BakhodirG MatasW 
DreamSv2
SusanQ PhilippP ThomasM SergeyN PhilippI MatasW 
SitesUltrav5
SergeyU PhilippI MatasW TatiyanaC PhilippY SergeyT LarryX SundarP 
CastOSLitev5
BakhodirD BenjaminT ClementM BakhodirG 
AndroidAutoZv2
PhilippH JenK PhilippI PhilippY SergeyT 
SmartSv2
FionaF BakhodirW FionaN BenjaminT PhilippK 
AlertsLitev7
SergeyN PrabhakarR SergeyT BenjaminT 
FuchsiaLitev6
PhilippY BenjaminT ThomasK ClementT BakhodirW PhilippI SergeyV 
PhotoProv3
SergeyT PrabhakarR BakhodirD SusanQ MichalP SergeyV ThomasK 
KeepXv5
PhilippP HiroshiF MichalP 
StreetViewProv9
SundarA MatasC ThomasM MatasW HiroshiB PhilippK NellyY ClementE 
DuoMaxv1
FionaJ NellyY PhilippI PhilippP ClementL 
StreetViewUltrav4
HiroshiW SergeyU JenZ 
ChromeOSLitev3
PhilippP HiroshiW PhilippY 
CollectionsZv7
HiroshiW SergeyV BakhodirD PhilippI SundarA SergeyN FionaJ 
MapsUltrav3
TatiyanaC HiroshiW PhilippP 
SantaTrackerXv4
HiroshiW ThomasM ClementE BakhodirG ClementL FionaJ SergeyT PhilippH SusanQ MichalP 
WebserverProv4
PrabhakarR NellyX PhilippP PhilippI PhilippH ClementE SergeyT MatasW PhilippY 
GmailSv4
PetarF NellyY 
ChromeOSUltrav5
SergeyT PhilippH HiroshiB HiroshiW PhilippK ClementL 
MoonMaxv4
MichalP SundarA FionaF HiroshiW SergeyN ThomasM SergeyT ThomasK PhilippK BakhodirD 
DriveZv9
NellyY HiroshiW SundarA 
SkyLitev6
TatiyanaC ThomasM PhilippI 
CultureProv7
MatasW TatiyanaC PhilippY ThomasK FionaJ ThomasM BakhodirW ClementE 
DataZv2
SusanQ ThomasM BenjaminT FionaF SergeyT PhilippH ThomasK StefanQ 
CastOSNextv8
LarryO LarryX ClementM PetarF ThomasM BakhodirW NellyY TatiyanaC 
WearOSProv2
FionaN NellyY SergeyV PhilippY FionaJ ThomasM MatasW PhilippH StefanQ 
PhoneUltrav1
SundarH LarryO ThomasM BakhodirW StefanQ 
StadiaZv2
BakhodirG JenZ MichalP FionaF ThomasK MatasH 
DocsNextv2
SundarP MatasC ClementL 
AndroidTVNextv1
MatasC NellyX SundarL LarryO PhilippP ThomasM ThomasK SergeyV 
AssistantUltrav2
MatasC ThomasK StefanQ MichalP BakhodirW PhilippP 
SearchNextv1
SergeyV ThomasM MichalB SundarP ThomasK 
VideoUltrav1
HiroshiW PhilippP FionaJ ClementM BakhodirW SundarA MichalB PetarF 
BuildLitev6
BakhodirG TatiyanaC JenK PhilippI MichalB NellyY ThomasK FionaN PhilippK PhilippH 
CalendarNextv8
HiroshiB MichalB 
FeedBurnerMaxv1
RuthX ThomasK ClementL PhilippK 
