88
DuoZv4
ThomasK SundarP BakhodirD ClementT PhilippK RuthX ThomasM 
ExploreUltrav8
BakhodirD ClementM SergeyV HiroshiF FionaJ SusanQ ClementE 
BloggerNextv8
PhilippP ClementE MatasW SundarL 
SmartSv2
FionaF SundarH FionaN BenjaminT PhilippK 
ChatXv5
HiroshiB FionaN SergeyU LarryO HiroshiF SundarP BenjaminT MichalB SergeyT SundarH 
AndroidTVNextv1
MatasC MichalZ SundarL LarryO PhilippP ThomasM SergeyU SergeyV 
SearchNextv1
SergeyV ThomasM MichalB SundarP ThomasK 
GmailLitev9
PhilippP PetarF ThomasK StefanQ BakhodirG MatasW LarryX PrabhakarR JenG SergeyN 
StreetViewProv9
SundarA JenK LarryO MatasW MatasC PhilippK NellyY ClementE 
GmailSv4
BakhodirG NellyY 
ChromeOSUltrav5
HiroshiB PhilippH MichalB HiroshiW PhilippK ClementL 
CastOSXv6
LarryO SundarP ClementE PetarF SergeyT ClementL SundarA 
PhotoProv3
SergeyT PrabhakarR BakhodirD SusanQ MichalP SergeyV SergeyU 
AlertsLitev7
SergeyN HiroshiF SergeyT BenjaminT 
GameProv6
ClementE SusanQ StefanQ 
MapsProv8
HiroshiW StefanQ LarryX 
GameLitev8
PhilippP FionaN MatasW SergeyN 
AssistantUltrav2
MatasC SergeyU SergeyT MichalP BenjaminO PhilippP 
KeepXv5
PhilippP HiroshiF MichalP 
MoonMaxv4
MichalP SundarA FionaF HiroshiW PrabhakarR ThomasM StefanQ ThomasK SundarH BakhodirD 
FuchsiaLitev6
PhilippY BenjaminT ThomasK FionaJ BenjaminO PhilippI SergeyV 
DataZv2
SusanQ ThomasM ClementM FionaF StefanQ SergeyN PhilippH SergeyT 
CastOSNextv8
ClementE LarryX ClementM JenG ThomasM BakhodirW NellyY TatiyanaC 
WearOSProv2
FionaN NellyY SundarL PhilippY FionaJ ThomasM MatasW PhilippH SergeyT 
BuildMaxv1
SergeyU NellyY RuthX BakhodirG SundarL 
StadiaZv1
TatiyanaC BenjaminT ClementM PhilippP 
VoiceProv8
MatasW ClementE JenK ClementM TatiyanaC 
MarsUltrav8
PhilippI SergeyT SusanQ PhilippP SergeyU ClementM RuthX BakhodirG MatasW 
DuoMaxv1
FionaJ NellyY PhilippI PhilippP ClementL 
SitesUltrav5
MichalB PhilippI MatasW TatiyanaC PhilippY StefanQ BakhodirD SundarP 
StreamXv6
PrabhakarR HiroshiB PhilippH BenjaminT ClementT 
PhoneUltrav1
PrabhakarR ClementE ThomasM SundarH SergeyT 
LoggingLitev6
ClementM ClementL HiroshiB LarryO PhilippH SundarH ClementE JenZ SundarP SusanQ 
MarsXv1
HiroshiF FionaJ MichalB MatasH 
FeedBurnerNextv3
ClementT TatiyanaC SergeyU MatasC PhilippH LarryX MichalB 
ChatProv6
PhilippH JenZ SergeyN JenG HiroshiW BakhodirG PrabhakarR ClementL SundarP 
SlidesUltrav7
BakhodirD FionaF JenK MichalP PhilippY RuthX MatasC 
VideoUltrav1
BakhodirA PhilippP FionaJ ClementM SundarH SundarA MichalB PetarF 
BuildLitev6
PetarF TatiyanaC MatasC PhilippI MichalB NellyY SergeyT FionaN PhilippK SergeyN 
ChromecastXv8
ClementM PrabhakarR 
CollectionsNextv1
TatiyanaC PhilippH MatasW BakhodirA 
SlidesNextv2
JenZ SergeyN 
StadiaZv2
BakhodirG JenZ MichalP FionaF ThomasK MatasH 
StreetViewNextv3
SusanQ SergeyN JenZ 
ChatSv4
TatiyanaC PetarF PhilippP JenZ 
StreetViewUltrav4
SundarA SergeyT JenZ 
SkySv8
MatasC PrabhakarR JenK SergeyV PhilippP HiroshiF JenZ 
PhoneLitev3
MatasC PhilippH 
WebserverProv4
PrabhakarR MichalZ PhilippP PhilippI PhilippH ClementE SergeyU MatasW PhilippY 
MapsSv7
SundarA LarryO FionaF PhilippK ClementM ThomasK MatasW PhilippY ClementE LarryX 
GlassOSLitev9
FionaJ BakhodirG SundarA LarryO SundarH SergeyN 
StreetViewXv1
TatiyanaC HiroshiB FionaF 
CastOSProv6
PhilippY 
DreamSv2
SusanQ PhilippP BakhodirA PhilippK PhilippI MatasW 
StreamXv9
PhilippK 
FeedBurnerMaxv3
TatiyanaC PhilippK 
ChromeNextv7
JenG BakhodirD HiroshiW 
CollectionsZv7
HiroshiW SundarL BakhodirD PhilippI SundarA SergeyN ClementT 
DriveZv9
RuthX HiroshiW SundarA 
DatasetSearchNextv1
SergeyU HiroshiW FionaF HiroshiF PetarF JenZ ClementE 
SantaTrackerXv4
HiroshiW ThomasM ClementE BakhodirG ClementL FionaJ SergeyU SergeyN SusanQ MichalP 
MapsUltrav3
TatiyanaC SundarA PhilippP 
AlertsUltrav2
FionaN JenZ HiroshiW SundarA FionaJ SergeyU ClementM MatasC BakhodirG 
WearOSLitev5
RuthX BakhodirD TatiyanaC JenK PhilippI 
FeedBurnerMaxv1
PrabhakarR ThomasK ClementL MichalB 
FuchsiaXv6
SergeyV BakhodirA 
CultureProv7
MatasW SergeyT PhilippY TatiyanaC ClementT ThomasM BenjaminO ClementE 
AndroidAutoZv2
PhilippH MatasC BakhodirD PhilippI TatiyanaC 
SitesSv1
TatiyanaC ClementL 
CastOSLitev5
BakhodirD FionaJ ClementM PetarF 
SkyLitev6
TatiyanaC ThomasM BakhodirD 
ShoppingProv8
PhilippK PhilippI 
WebserverProv6
PhilippP 
MarsLitev5
BakhodirD TatiyanaC 
SmartLitev9
JenZ ThomasK PhilippP 
DaydreamLitev7
BakhodirW 
ShortsNextv7
FionaF PhilippY HiroshiF 
GameProv3
PhilippY 
DocsNextv2
SundarP HiroshiB ClementL 
ClassroomMaxv2
TatiyanaC SusanQ 
GlassOSSv3
MatasW JenZ 
ConnectLitev9
SundarA 
ChromeOSLitev3
PhilippP HiroshiW PhilippY 
AndroidTVMaxv5
PrabhakarR SundarP LarryO 
DuoZv2
PhilippY SundarP FionaF 
CalendarNextv8
JenG MichalB 
ResearchXv8
SundarP ClementM SundarH JenK ClementE 
ReleaseUltrav1
ClementT BakhodirD 
