80
SlidesNextv2
JenZ PhilippH 
StreamXv9
LarryO 
ShoppingProv8
FionaN PhilippI 
WearOSLitev5
NellyY BakhodirD TatiyanaC JenK PhilippI 
StreetViewProv9
SundarA MatasC LarryO MatasW HiroshiB PhilippK NellyY ClementE 
AndroidAutoZv2
PhilippH JenK LarryX PhilippI SergeyU 
SitesSv1
SergeyU ClementL 
ResearchXv8
SundarP ClementM BenjaminO MatasC ClementE 
GameProv3
PhilippY 
ConnectLitev9
SundarA 
ChromeNextv7
JenG BakhodirD PhilippY 
StreetViewXv1
TatiyanaC JenK FionaF 
ExploreUltrav8
BakhodirD ClementM JenG HiroshiF ClementT SusanQ ClementE 
DaydreamLitev7
BakhodirW 
FeedBurnerMaxv3
TatiyanaC LarryO 
MarsXv1
PrabhakarR FionaJ MichalB MatasH 
ShortsNextv7
FionaF PhilippY PrabhakarR 
DocsNextv2
SundarP MatasC ClementL 
MarsUltrav8
PhilippI StefanQ SusanQ PhilippP SergeyU BenjaminT RuthX BakhodirG MatasW 
DuoZv4
ThomasK SundarP LarryX ClementT PhilippK RuthX ThomasM 
SmartLitev9
JenZ ThomasK PhilippP 
DreamSv2
SusanQ PhilippP SergeyN ClementE PhilippI MatasW 
MarsLitev5
BakhodirD TatiyanaC 
BuildMaxv1
RuthX MichalB NellyY BakhodirG SergeyV 
StreamXv6
SergeyN HiroshiB SundarH ClementM FionaJ 
ChromeOSUltrav5
JenK PhilippH StefanQ HiroshiW PhilippK ClementL 
SmartSv2
FionaF BakhodirW FionaN BenjaminT PhilippK 
ChromeOSLitev3
PhilippP HiroshiW PhilippY 
MapsProv8
HiroshiW SergeyT LarryX 
WebserverProv6
PhilippP 
DuoZv2
PhilippY SundarP FionaF 
CollectionsNextv1
TatiyanaC SergeyN MatasW BakhodirA 
SitesUltrav5
SergeyU PhilippI MatasW TatiyanaC BakhodirA SergeyT PhilippY SundarP 
VoiceProv8
MatasW ClementE MatasC ClementM TatiyanaC 
MapsSv7
SundarA FionaN FionaF LarryO ClementM ThomasK MatasW BakhodirD ClementE LarryX 
GlassOSLitev9
ClementT PetarF SundarA HiroshiF FionaN PhilippH 
GameLitev8
PhilippP PhilippK MatasW SergeyN 
ReleaseUltrav1
FionaJ BakhodirD 
ClassroomMaxv2
TatiyanaC SusanQ 
CastOSProv6
LarryX 
AndroidTVMaxv5
PrabhakarR SundarP HiroshiF 
GmailLitev9
PhilippP BakhodirG ThomasK StefanQ PetarF MatasW LarryX PrabhakarR HiroshiW SergeyN 
FuchsiaXv6
SundarL SundarA 
GameProv6
ClementE SusanQ SergeyT 
GlassOSSv3
MatasW JenZ 
CastOSXv6
LarryO SundarP HiroshiB BakhodirG SergeyT ClementL SundarA 
CollectionsZv7
HiroshiW SundarL BakhodirD LarryX SundarA SergeyN FionaJ 
DuoMaxv1
ClementT NellyY PhilippI PhilippP ClementL 
AndroidTVNextv1
MatasC NellyX SergeyV LarryO PhilippP ThomasM StefanQ JenG 
GmailSv4
PetarF NellyY 
CultureProv7
MatasW SergeyU PhilippY TatiyanaC FionaJ ThomasM BenjaminO ClementE 
BloggerNextv8
PhilippP ClementE MatasW SundarL 
DataZv2
SusanQ ThomasM ClementM FionaF SergeyT PhilippH BakhodirA StefanQ 
SkyLitev6
TatiyanaC ThomasM LarryX 
AssistantUltrav2
MatasC SergeyU StefanQ MichalP BenjaminO PhilippP 
PhoneUltrav1
BakhodirW LarryO ThomasM SergeyN SergeyT 
FuchsiaLitev6
PhilippY BenjaminT ThomasK FionaJ SundarH PhilippI SergeyV 
FeedBurnerMaxv1
RuthX ThomasK ClementL FionaN 
WearOSProv2
FionaN NellyY SergeyV PhilippY FionaJ ThomasM MatasW PhilippH StefanQ 
AlertsLitev7
SergeyN PrabhakarR SergeyT BenjaminT 
StadiaZv1
TatiyanaC BenjaminT ClementM PhilippP 
MapsUltrav3
TatiyanaC HiroshiW PhilippP 
StreetViewNextv3
SusanQ PhilippH JenZ 
SearchNextv1
SergeyV ThomasM RuthX SundarP ThomasK 
KeepXv5
PhilippP PrabhakarR MichalP 
CastOSLitev5
BakhodirD BenjaminT ClementM BakhodirG 
FeedBurnerNextv3
ClementT TatiyanaC RuthX MatasC SergeyN LarryX MichalB 
PhoneLitev3
MatasC PhilippH 
SantaTrackerXv4
HiroshiW ThomasM ClementE PetarF ClementL FionaJ StefanQ PhilippH SusanQ MichalP 
PhotoProv3
SergeyT HiroshiF BakhodirD SusanQ MichalP SergeyV TatiyanaC 
CastOSNextv8
LarryO LarryX ClementM BakhodirG ThomasM BenjaminO NellyY TatiyanaC 
MoonMaxv4
MichalP SundarA FionaF HiroshiW FionaN ThomasM StefanQ ThomasK SergeyN BakhodirD 
ChatSv4
TatiyanaC BakhodirG PhilippP JenZ 
CalendarNextv8
PetarF MichalB 
BuildLitev6
PetarF TatiyanaC JenK PhilippI MichalB NellyY StefanQ FionaN PhilippK PhilippH 
StadiaZv2
BakhodirG JenZ MichalP FionaF ThomasK MatasH 
StreetViewUltrav4
SundarA SergeyU JenZ 
WebserverProv4
PrabhakarR NellyX PhilippP PhilippI PhilippH ClementE TatiyanaC MatasW PhilippY 
DriveZv9
NellyY HiroshiW SundarA 
VideoUltrav1
HiroshiW PhilippP FionaJ BenjaminT BenjaminO SundarA MichalB BakhodirG 
