85
DuoZv2
PhilippY SundarP FionaF 
GameProv3
PhilippY 
BuildMaxv1
MichalB RuthX NellyY BakhodirG SergeyV 
CollectionsNextv1
TatiyanaC SergeyN MatasW HiroshiB 
ResearchXv8
SundarP ClementM BenjaminO JenK ClementE 
MapsSv7
SundarA PhilippK FionaF LarryO ClementM ThomasK MatasW LarryX ClementE BakhodirD 
ShortsNextv7
FionaF PhilippY HiroshiF 
SlidesNextv2
JenZ PhilippH 
AndroidTVMaxv5
PrabhakarR SundarP PhilippK 
AndroidAutoZv2
PhilippH JenK PhilippI LarryX SergeyU 
FeedBurnerMaxv3
TatiyanaC LarryO 
MarsXv1
HiroshiF ClementT MichalB MatasH 
WearOSLitev5
NellyY BakhodirD TatiyanaC JenK PhilippI 
GlassOSLitev9
FionaJ BakhodirG SundarA PhilippK PrabhakarR PhilippH 
AndroidTVNextv1
MatasC NellyX SergeyV LarryO PhilippP ThomasM SergeyU SundarL 
GlassOSSv3
MatasW JenZ 
ConnectLitev9
SundarA 
ChromeOSLitev3
PhilippP HiroshiW PhilippY 
SkyLitev6
TatiyanaC ThomasM PhilippI 
ClassroomMaxv2
TatiyanaC SusanQ 
ShoppingProv8
FionaN PhilippI 
DocsNextv2
SundarP MatasC ClementL 
StreetViewXv1
TatiyanaC JenK FionaF 
DataZv2
SusanQ ThomasM ClementM FionaF StefanQ PhilippH HiroshiB SergeyT 
DuoZv4
ThomasK SundarP LarryX ClementT PhilippK RuthX ThomasM 
SitesSv1
SergeyU ClementL 
ReleaseUltrav1
FionaJ BakhodirD 
StreamXv9
LarryO 
GameProv6
LarryO SusanQ StefanQ 
PhoneUltrav1
BenjaminO LarryO ThomasM BakhodirW StefanQ 
WebserverProv6
PhilippP 
CastOSXv6
LarryO SundarP JenG BakhodirG SergeyT ClementL SundarA 
GameLitev8
PhilippP PhilippK MatasW SergeyN 
LoggingLitev6
ClementM ClementL BakhodirA LarryO HiroshiB BenjaminO ClementE HiroshiF SundarP SusanQ 
StreamXv6
BenjaminO JenK SergeyN ClementM FionaJ 
CultureProv7
MatasW TatiyanaC PhilippY SergeyU ClementT ThomasM SundarH ClementE 
VideoUltrav1
HiroshiW PhilippP ClementM FionaJ BenjaminO SundarA MichalB BakhodirG 
SmartSv2
FionaF BakhodirW PhilippK BenjaminT FionaN 
SmartLitev9
JenZ ThomasK PhilippP 
MarsUltrav8
PhilippI SergeyU SusanQ PhilippP StefanQ BenjaminT RuthX PetarF MatasW 
FuchsiaXv6
SundarL HiroshiW 
DaydreamLitev7
BakhodirW 
StreetViewProv9
SundarA MatasC ClementE MatasW HiroshiB PhilippK NellyY JenG 
ChromeNextv7
SergeyV BakhodirD PhilippY 
MapsProv8
HiroshiW SergeyT LarryX 
CastOSProv6
BakhodirD 
MarsLitev5
BakhodirD TatiyanaC 
StreetViewNextv3
SusanQ PhilippH JenZ 
CastOSLitev5
BakhodirD BakhodirA ClementM BakhodirG 
ExploreUltrav8
LarryX ClementM SergeyV PrabhakarR FionaJ SusanQ ClementE 
GmailLitev9
PhilippP BakhodirG ThomasK StefanQ PetarF MatasW BakhodirD HiroshiF PhilippK HiroshiB 
AssistantUltrav2
MatasC SergeyU StefanQ MichalP BenjaminO PhilippP 
CalendarNextv8
PhilippK MichalB 
FuchsiaLitev6
PhilippY BenjaminT ThomasK ClementT BakhodirW PhilippI SergeyV 
BloggerNextv8
PhilippP ClementE MatasW SundarL 
SearchNextv1
SergeyV ThomasM MichalB SundarP ThomasK 
StadiaZv1
TatiyanaC BakhodirA BenjaminT PhilippP 
DreamSv2
SusanQ PhilippP HiroshiB JenG PhilippI MatasW 
KeepXv5
PhilippP HiroshiF MichalP 
BuildLitev6
BakhodirG TatiyanaC JenK PhilippI MichalB NellyY SergeyU FionaN PhilippK PhilippH 
ChatXv5
JenG PhilippK MichalB LarryO HiroshiF SundarP BenjaminT SergeyU StefanQ BenjaminO 
MoonMaxv4
MichalP MatasH FionaF HiroshiW BakhodirW ThomasM SergeyT ThomasK PrabhakarR BakhodirD 
ChatProv6
HiroshiB JenZ SergeyN PetarF SundarA BakhodirG HiroshiF ClementL SundarP 
PhotoProv3
SergeyT PrabhakarR BakhodirD SusanQ MichalP SergeyV SergeyU 
DuoMaxv1
FionaJ NellyY PhilippI PhilippP ClementL 
StadiaZv2
BakhodirG JenZ MichalP FionaF ThomasK MatasH 
ChromeOSUltrav5
HiroshiB PhilippH SergeyU MatasH PhilippK ClementL 
WearOSProv2
FionaN NellyY SergeyV PhilippY ClementT ThomasM MatasW PhilippH StefanQ 
GmailSv4
BakhodirG NellyY 
VoiceProv8
MatasW ClementE JenK ClementM TatiyanaC 
FeedBurnerMaxv1
MichalB ThomasK ClementL PrabhakarR 
CollectionsZv7
HiroshiW SundarL BakhodirD PhilippI SundarA SergeyN FionaJ 
ChromecastXv8
BenjaminT HiroshiF 
CastOSNextv8
LarryO LarryX ClementM PhilippK ThomasM BenjaminO NellyY TatiyanaC 
SitesUltrav5
SergeyU PhilippI MatasW TatiyanaC LarryX SergeyT PhilippY SundarP 
ChatSv4
TatiyanaC PetarF PhilippP JenZ 
StreetViewUltrav4
MatasH SergeyU JenZ 
DriveZv9
NellyY HiroshiW MatasH 
AlertsLitev7
HiroshiB HiroshiF SergeyT BenjaminT 
DatasetSearchNextv1
SergeyU HiroshiW FionaF HiroshiF PetarF PrabhakarR ClementE 
MapsUltrav3
TatiyanaC MatasH PhilippP 
AlertsUltrav2
FionaN JenZ HiroshiW MatasH FionaJ SergeyU ClementM JenK PetarF 
SkySv8
HiroshiB PrabhakarR JenK SergeyV PhilippP HiroshiF JenZ 
SantaTrackerXv4
MatasH ThomasM ClementE PetarF ClementL ClementT SergeyU PhilippH SusanQ MichalP 
WebserverProv4
PrabhakarR NellyX PhilippP PhilippI PhilippH ClementE SergeyU MatasW PhilippY 
